<?xml version="1.0" encoding="UTF-8"?>
<coverage generated="1643418403373" clover="3.2.0">
  <project timestamp="1643418403373" name="All files">
    <metrics statements="11" coveredstatements="7" conditionals="2" coveredconditionals="0" methods="4" coveredmethods="2" elements="17" coveredelements="9" complexity="0" loc="11" ncloc="11" packages="1" files="1" classes="1"/>
    <file name="index.js" path="/home/ulises/Documentos/cursoJest/jsbase/src/index.js">
      <metrics statements="11" coveredstatements="7" conditionals="2" coveredconditionals="0" methods="4" coveredmethods="2"/>
      <line num="1" count="1" type="stmt"/>
      <line num="3" count="1" type="stmt"/>
      <line num="4" count="1" type="stmt"/>
      <line num="5" count="1" type="stmt"/>
      <line num="9" count="1" type="stmt"/>
      <line num="10" count="0" type="stmt"/>
      <line num="11" count="0" type="cond" truecount="0" falsecount="2"/>
      <line num="12" count="0" type="stmt"/>
      <line num="14" count="0" type="stmt"/>
      <line num="18" count="1" type="stmt"/>
      <line num="20" count="1" type="stmt"/>
    </file>
  </project>
</coverage>
